# JRE version: Java(TM) SE Runtime Environment (8.0_25-b18) (build 1.8.0_25-b18)
# Java VM: Java HotSpot(TM) 64-Bit Server VM (25.25-b02 mixed mode windows-amd64 compressed oops)
Heap:
 PSYoungGen      total 151552K, used 34291K [0x00000000eab00000, 0x00000000fe900000, 0x0000000100000000)
  eden space 114688K, 29% used [0x00000000eab00000,0x00000000ecc7cc80,0x00000000f1b00000)
  from space 36864K, 0% used [0x00000000f1b00000,0x00000000f1b00000,0x00000000f3f00000)
  to   space 58880K, 0% used [0x00000000faf80000,0x00000000faf80000,0x00000000fe900000)
 ParOldGen       total 150528K, used 62017K [0x00000000c0000000, 0x00000000c9300000, 0x00000000eab00000)
  object space 150528K, 41% used [0x00000000c0000000,0x00000000c3c90548,0x00000000c9300000)
 Metaspace       used 5666K, capacity 6960K, committed 7040K, reserved 1056768K
  class space    used 547K, capacity 616K, committed 640K, reserved 1048576K
GC Heap History (10 events):
Event: 5.871 GC heap before
{Heap before GC invocations=5 (full 0):
 PSYoungGen      total 67584K, used 67566K [0x00000000eab00000, 0x00000000ef200000, 0x0000000100000000)
  eden space 62464K, 100% used [0x00000000eab00000,0x00000000ee800000,0x00000000ee800000)
  from space 5120K, 99% used [0x00000000eed00000,0x00000000ef1fba98,0x00000000ef200000)
  to   space 5120K, 0% used [0x00000000ee800000,0x00000000ee800000,0x00000000eed00000)
 ParOldGen       total 83456K, used 45676K [0x00000000c0000000, 0x00000000c5180000, 0x00000000eab00000)
  object space 83456K, 54% used [0x00000000c0000000,0x00000000c2c9b360,0x00000000c5180000)
 Metaspace       used 5538K, capacity 6832K, committed 7040K, reserved 1056768K
  class space    used 545K, capacity 616K, committed 640K, reserved 1048576K
Event: 5.959 GC heap after
Heap after GC invocations=5 (full 0):
 PSYoungGen      total 67584K, used 5096K [0x00000000eab00000, 0x00000000f7300000, 0x0000000100000000)
  eden space 62464K, 0% used [0x00000000eab00000,0x00000000eab00000,0x00000000ee800000)
  from space 5120K, 99% used [0x00000000ee800000,0x00000000eecfa230,0x00000000eed00000)
  to   space 39936K, 0% used [0x00000000f4c00000,0x00000000f4c00000,0x00000000f7300000)
 ParOldGen       total 83456K, used 76709K [0x00000000c0000000, 0x00000000c5180000, 0x00000000eab00000)
  object space 83456K, 91% used [0x00000000c0000000,0x00000000c4ae97a0,0x00000000c5180000)
 Metaspace       used 5538K, capacity 6832K, committed 7040K, reserved 1056768K
  class space    used 545K, capacity 616K, committed 640K, reserved 1048576K
}
Event: 5.959 GC heap before
{Heap before GC invocations=6 (full 1):
 PSYoungGen      total 67584K, used 5096K [0x00000000eab00000, 0x00000000f7300000, 0x0000000100000000)
  eden space 62464K, 0% used [0x00000000eab00000,0x00000000eab00000,0x00000000ee800000)
  from space 5120K, 99% used [0x00000000ee800000,0x00000000eecfa230,0x00000000eed00000)
  to   space 39936K, 0% used [0x00000000f4c00000,0x00000000f4c00000,0x00000000f7300000)
 ParOldGen       total 83456K, used 76709K [0x00000000c0000000, 0x00000000c5180000, 0x00000000eab00000)
  object space 83456K, 91% used [0x00000000c0000000,0x00000000c4ae97a0,0x00000000c5180000)
 Metaspace       used 5538K, capacity 6832K, committed 7040K, reserved 1056768K
  class space    used 545K, capacity 616K, committed 640K, reserved 1048576K
Event: 6.118 GC heap after
Heap after GC invocations=6 (full 1):
 PSYoungGen      total 67584K, used 0K [0x00000000eab00000, 0x00000000f7300000, 0x0000000100000000)
  eden space 62464K, 0% used [0x00000000eab00000,0x00000000eab00000,0x00000000ee800000)
  from space 5120K, 0% used [0x00000000ee800000,0x00000000ee800000,0x00000000eed00000)
  to   space 39936K, 0% used [0x00000000f4c00000,0x00000000f4c00000,0x00000000f7300000)
 ParOldGen       total 105984K, used 35619K [0x00000000c0000000, 0x00000000c6780000, 0x00000000eab00000)
  object space 105984K, 33% used [0x00000000c0000000,0x00000000c22c8c48,0x00000000c6780000)
 Metaspace       used 5538K, capacity 6832K, committed 7040K, reserved 1056768K
  class space    used 545K, capacity 616K, committed 640K, reserved 1048576K
}
Event: 6.480 GC heap before
{Heap before GC invocations=7 (full 1):
 PSYoungGen      total 67584K, used 62464K [0x00000000eab00000, 0x00000000f7300000, 0x0000000100000000)
  eden space 62464K, 100% used [0x00000000eab00000,0x00000000ee800000,0x00000000ee800000)
  from space 5120K, 0% used [0x00000000ee800000,0x00000000ee800000,0x00000000eed00000)
  to   space 39936K, 0% used [0x00000000f4c00000,0x00000000f4c00000,0x00000000f7300000)
 ParOldGen       total 105984K, used 35619K [0x00000000c0000000, 0x00000000c6780000, 0x00000000eab00000)
  object space 105984K, 33% used [0x00000000c0000000,0x00000000c22c8c48,0x00000000c6780000)
 Metaspace       used 5544K, capacity 6832K, committed 7040K, reserved 1056768K
  class space    used 545K, capacity 616K, committed 640K, reserved 1048576K
Event: 6.509 GC heap after
Heap after GC invocations=7 (full 1):
 PSYoungGen      total 138240K, used 20462K [0x00000000eab00000, 0x00000000f6300000, 0x0000000100000000)
  eden space 114688K, 0% used [0x00000000eab00000,0x00000000eab00000,0x00000000f1b00000)
  from space 23552K, 86% used [0x00000000f4c00000,0x00000000f5ffb960,0x00000000f6300000)
  to   space 36864K, 0% used [0x00000000f1b00000,0x00000000f1b00000,0x00000000f3f00000)
 ParOldGen       total 105984K, used 35619K [0x00000000c0000000, 0x00000000c6780000, 0x00000000eab00000)
  object space 105984K, 33% used [0x00000000c0000000,0x00000000c22c8c48,0x00000000c6780000)
 Metaspace       used 5544K, capacity 6832K, committed 7040K, reserved 1056768K
  class space    used 545K, capacity 616K, committed 640K, reserved 1048576K
}
Event: 7.680 GC heap before
{Heap before GC invocations=8 (full 1):
 PSYoungGen      total 138240K, used 135150K [0x00000000eab00000, 0x00000000f6300000, 0x0000000100000000)
  eden space 114688K, 100% used [0x00000000eab00000,0x00000000f1b00000,0x00000000f1b00000)
  from space 23552K, 86% used [0x00000000f4c00000,0x00000000f5ffb960,0x00000000f6300000)
  to   space 36864K, 0% used [0x00000000f1b00000,0x00000000f1b00000,0x00000000f3f00000)
 ParOldGen       total 105984K, used 35619K [0x00000000c0000000, 0x00000000c6780000, 0x00000000eab00000)
  object space 105984K, 33% used [0x00000000c0000000,0x00000000c22c8c48,0x00000000c6780000)
 Metaspace       used 5655K, capacity 6960K, committed 7040K, reserved 1056768K
  class space    used 547K, capacity 616K, committed 640K, reserved 1048576K
Event: 7.753 GC heap after
Heap after GC invocations=8 (full 1):
 PSYoungGen      total 151552K, used 36840K [0x00000000eab00000, 0x00000000fe900000, 0x0000000100000000)
  eden space 114688K, 0% used [0x00000000eab00000,0x00000000eab00000,0x00000000f1b00000)
  from space 36864K, 99% used [0x00000000f1b00000,0x00000000f3efa0f8,0x00000000f3f00000)
  to   space 58880K, 0% used [0x00000000faf80000,0x00000000faf80000,0x00000000fe900000)
 ParOldGen       total 105984K, used 67884K [0x00000000c0000000, 0x00000000c6780000, 0x00000000eab00000)
  object space 105984K, 64% used [0x00000000c0000000,0x00000000c424b228,0x00000000c6780000)
 Metaspace       used 5655K, capacity 6960K, committed 7040K, reserved 1056768K
  class space    used 547K, capacity 616K, committed 640K, reserved 1048576K
}
Event: 7.753 GC heap before
{Heap before GC invocations=9 (full 2):
 PSYoungGen      total 151552K, used 36840K [0x00000000eab00000, 0x00000000fe900000, 0x0000000100000000)
  eden space 114688K, 0% used [0x00000000eab00000,0x00000000eab00000,0x00000000f1b00000)
  from space 36864K, 99% used [0x00000000f1b00000,0x00000000f3efa0f8,0x00000000f3f00000)
  to   space 58880K, 0% used [0x00000000faf80000,0x00000000faf80000,0x00000000fe900000)
 ParOldGen       total 105984K, used 67884K [0x00000000c0000000, 0x00000000c6780000, 0x00000000eab00000)
  object space 105984K, 64% used [0x00000000c0000000,0x00000000c424b228,0x00000000c6780000)
 Metaspace       used 5655K, capacity 6960K, committed 7040K, reserved 1056768K
  class space    used 547K, capacity 616K, committed 640K, reserved 1048576K
Event: 7.940 GC heap after
Heap after GC invocations=9 (full 2):
 PSYoungGen      total 151552K, used 0K [0x00000000eab00000, 0x00000000fe900000, 0x0000000100000000)
  eden space 114688K, 0% used [0x00000000eab00000,0x00000000eab00000,0x00000000f1b00000)
  from space 36864K, 0% used [0x00000000f1b00000,0x00000000f1b00000,0x00000000f3f00000)
  to   space 58880K, 0% used [0x00000000faf80000,0x00000000faf80000,0x00000000fe900000)
 ParOldGen       total 150528K, used 62017K [0x00000000c0000000, 0x00000000c9300000, 0x00000000eab00000)
  object space 150528K, 41% used [0x00000000c0000000,0x00000000c3c90548,0x00000000c9300000)
 Metaspace       used 5655K, capacity 6960K, committed 7040K, reserved 1056768K
  class space    used 547K, capacity 616K, committed 640K, reserved 1048576K
}

